<?xml version="1.0" encoding="UTF-8"?>
<testng-results skipped="0" failed="1" ignored="0" total="1" passed="0">
  <reporter-output>
  </reporter-output>
  <suite name="Default suite" duration-ms="39133" started-at="2018-06-02T04:49:17Z" finished-at="2018-06-02T04:49:57Z">
    <groups>
    </groups>
    <test name="Default test" duration-ms="39133" started-at="2018-06-02T04:49:17Z" finished-at="2018-06-02T04:49:57Z">
      <class name="uPromiseTestCase.TC1_CreatingUpromiseId">
        <test-method status="PASS" signature="beforeSuite()[pri:0, instance:uPromiseTestCase.TC1_CreatingUpromiseId@67c67e]" name="beforeSuite" is-config="true" duration-ms="2336" started-at="2018-06-02T04:49:15Z" finished-at="2018-06-02T04:49:17Z">
          <reporter-output>
          </reporter-output>
        </test-method> <!-- beforeSuite -->
        <test-method status="PASS" signature="setData()[pri:0, instance:uPromiseTestCase.TC1_CreatingUpromiseId@67c67e]" name="setData" is-config="true" duration-ms="0" started-at="2018-06-02T04:49:18Z" finished-at="2018-06-02T04:49:18Z">
          <reporter-output>
          </reporter-output>
        </test-method> <!-- setData -->
        <test-method status="PASS" signature="beforeClass()[pri:0, instance:uPromiseTestCase.TC1_CreatingUpromiseId@67c67e]" name="beforeClass" is-config="true" duration-ms="2" started-at="2018-06-02T04:49:18Z" finished-at="2018-06-02T04:49:18Z">
          <reporter-output>
          </reporter-output>
        </test-method> <!-- beforeClass -->
        <test-method status="PASS" signature="beforeMethod()[pri:0, instance:uPromiseTestCase.TC1_CreatingUpromiseId@67c67e]" name="beforeMethod" is-config="true" duration-ms="19750" started-at="2018-06-02T04:49:20Z" finished-at="2018-06-02T04:49:40Z">
          <reporter-output>
          </reporter-output>
        </test-method> <!-- beforeMethod -->
        <test-method status="FAIL" signature="CreateUpromiseId(java.lang.String, java.lang.String, java.lang.String, java.lang.String, java.lang.String, java.lang.String, java.lang.String, java.lang.String, java.lang.String, java.lang.String, java.lang.String, java.lang.String, java.lang.String, java.lang.String)[pri:0, instance:uPromiseTestCase.TC1_CreatingUpromiseId@67c67e]" name="CreateUpromiseId" duration-ms="16694" started-at="2018-06-02T04:49:40Z" data-provider="fetchData" finished-at="2018-06-02T04:49:57Z">
          <params>
            <param index="0">
              <value>
                <![CDATA[Bhuvaneswari]]>
              </value>
            </param>
            <param index="1">
              <value>
                <![CDATA[Sundaram]]>
              </value>
            </param>
            <param index="2">
              <value>
                <![CDATA[c57503@salliemae.com]]>
              </value>
            </param>
            <param index="3">
              <value>
                <![CDATA[Bhuvi!1234]]>
              </value>
            </param>
            <param index="4">
              <value>
                <![CDATA[Favorite pet's name]]>
              </value>
            </param>
            <param index="5">
              <value>
                <![CDATA[Gimmi]]>
              </value>
            </param>
            <param index="6">
              <value>
                <![CDATA[01/01/1990]]>
              </value>
            </param>
            <param index="7">
              <value>
                <![CDATA[208N waddil]]>
              </value>
            </param>
            <param index="8">
              <value>
                <![CDATA[77086]]>
              </value>
            </param>
            <param index="9">
              <value>
                <![CDATA[Mc kinney]]>
              </value>
            </param>
            <param index="10">
              <value>
                <![CDATA[California]]>
              </value>
            </param>
            <param index="11">
              <value>
                <![CDATA[kavi]]>
              </value>
            </param>
            <param index="12">
              <value>
                <![CDATA[Sundaram]]>
              </value>
            </param>
            <param index="13">
              <value>
                <![CDATA[15]]>
              </value>
            </param>
          </params>
          <exception class="java.lang.RuntimeException">
            <full-stacktrace>
              <![CDATA[java.lang.RuntimeException
at utils.Reporter.reportStep(Reporter.java:58)
at utils.Reporter.reportStep(Reporter.java:68)
at wdMethods.SeMethods.type(SeMethods.java:118)
at upromisePackage.CreateLogin.enterBeneFName(CreateLogin.java:109)
at uPromiseTestCase.TC1_CreatingUpromiseId.CreateUpromiseId(TC1_CreatingUpromiseId.java:39)
at sun.reflect.NativeMethodAccessorImpl.invoke0(Native Method)
at sun.reflect.NativeMethodAccessorImpl.invoke(NativeMethodAccessorImpl.java:62)
at sun.reflect.DelegatingMethodAccessorImpl.invoke(DelegatingMethodAccessorImpl.java:43)
at java.lang.reflect.Method.invoke(Method.java:483)
at org.testng.internal.MethodInvocationHelper.invokeMethod(MethodInvocationHelper.java:124)
at org.testng.internal.Invoker.invokeMethod(Invoker.java:583)
at org.testng.internal.Invoker.invokeTestMethod(Invoker.java:719)
at org.testng.internal.Invoker.invokeTestMethods(Invoker.java:989)
at org.testng.internal.TestMethodWorker.invokeTestMethods(TestMethodWorker.java:125)
at org.testng.internal.TestMethodWorker.run(TestMethodWorker.java:109)
at org.testng.TestRunner.privateRun(TestRunner.java:648)
at org.testng.TestRunner.run(TestRunner.java:505)
at org.testng.SuiteRunner.runTest(SuiteRunner.java:455)
at org.testng.SuiteRunner.runSequentially(SuiteRunner.java:450)
at org.testng.SuiteRunner.privateRun(SuiteRunner.java:415)
at org.testng.SuiteRunner.run(SuiteRunner.java:364)
at org.testng.SuiteRunnerWorker.runSuite(SuiteRunnerWorker.java:52)
at org.testng.SuiteRunnerWorker.run(SuiteRunnerWorker.java:84)
at org.testng.TestNG.runSuitesSequentially(TestNG.java:1208)
at org.testng.TestNG.runSuitesLocally(TestNG.java:1137)
at org.testng.TestNG.runSuites(TestNG.java:1049)
at org.testng.TestNG.run(TestNG.java:1017)
at org.testng.remote.AbstractRemoteTestNG.run(AbstractRemoteTestNG.java:114)
at org.testng.remote.RemoteTestNG.initAndRun(RemoteTestNG.java:251)
at org.testng.remote.RemoteTestNG.main(RemoteTestNG.java:77)
]]>
            </full-stacktrace>
          </exception> <!-- java.lang.RuntimeException -->
          <reporter-output>
          </reporter-output>
        </test-method> <!-- CreateUpromiseId -->
        <test-method status="PASS" signature="afterTest()[pri:0, instance:uPromiseTestCase.TC1_CreatingUpromiseId@67c67e]" name="afterTest" is-config="true" duration-ms="0" started-at="2018-06-02T04:49:57Z" finished-at="2018-06-02T04:49:57Z">
          <reporter-output>
          </reporter-output>
        </test-method> <!-- afterTest -->
        <test-method status="PASS" signature="afterSuite()[pri:0, instance:uPromiseTestCase.TC1_CreatingUpromiseId@67c67e]" name="afterSuite" is-config="true" duration-ms="1157" started-at="2018-06-02T04:49:57Z" finished-at="2018-06-02T04:49:58Z">
          <reporter-output>
          </reporter-output>
        </test-method> <!-- afterSuite -->
      </class> <!-- uPromiseTestCase.TC1_CreatingUpromiseId -->
    </test> <!-- Default test -->
  </suite> <!-- Default suite -->
</testng-results>
